c:\users\user\desktop\opengl practice\graphicsfun\graphicsfun\debug\vc143.pdb
c:\users\user\desktop\opengl practice\graphicsfun\graphicsfun\debug\vc143.idb
c:\users\user\desktop\opengl practice\graphicsfun\graphicsfun\debug\vector3.obj
c:\users\user\desktop\opengl practice\graphicsfun\graphicsfun\debug\ocean.obj
c:\users\user\desktop\opengl practice\graphicsfun\graphicsfun\debug\alienworld.obj
c:\users\user\desktop\opengl practice\graphicsfun\graphicsfun\debug\graphicsfun.ilk
c:\users\user\desktop\opengl practice\graphicsfun\graphicsfun\debug\cannon.obj
c:\users\user\desktop\opengl practice\graphicsfun\graphicsfun\debug\earth.obj
c:\users\user\desktop\opengl practice\graphicsfun\graphicsfun\debug\humanoid.obj
c:\users\user\desktop\opengl practice\graphicsfun\graphicsfun\debug\railmodels.obj
c:\users\user\desktop\opengl practice\graphicsfun\graphicsfun\debug\toytrain.obj
c:\users\user\desktop\opengl practice\graphicsfun\graphicsfun\debug\yard.obj
c:\users\user\desktop\opengl practice\graphicsfun\debug\graphicsfun.pdb
c:\users\user\desktop\opengl practice\graphicsfun\graphicsfun\debug\graphicsfun.tlog\cl.command.1.tlog
c:\users\user\desktop\opengl practice\graphicsfun\graphicsfun\debug\graphicsfun.tlog\cl.items.tlog
c:\users\user\desktop\opengl practice\graphicsfun\graphicsfun\debug\graphicsfun.tlog\cl.read.1.tlog
c:\users\user\desktop\opengl practice\graphicsfun\graphicsfun\debug\graphicsfun.tlog\cl.write.1.tlog
c:\users\user\desktop\opengl practice\graphicsfun\graphicsfun\debug\graphicsfun.tlog\link.1684-cvtres.read.1.tlog
c:\users\user\desktop\opengl practice\graphicsfun\graphicsfun\debug\graphicsfun.tlog\link.1684-cvtres.write.1.tlog
c:\users\user\desktop\opengl practice\graphicsfun\graphicsfun\debug\graphicsfun.tlog\link.1684-rc.read.1.tlog
c:\users\user\desktop\opengl practice\graphicsfun\graphicsfun\debug\graphicsfun.tlog\link.1684-rc.write.1.tlog
c:\users\user\desktop\opengl practice\graphicsfun\graphicsfun\debug\graphicsfun.tlog\link.1684.read.1.tlog
c:\users\user\desktop\opengl practice\graphicsfun\graphicsfun\debug\graphicsfun.tlog\link.1684.write.1.tlog
c:\users\user\desktop\opengl practice\graphicsfun\graphicsfun\debug\graphicsfun.tlog\link.command.1.tlog
c:\users\user\desktop\opengl practice\graphicsfun\graphicsfun\debug\graphicsfun.tlog\link.read.1.tlog
c:\users\user\desktop\opengl practice\graphicsfun\graphicsfun\debug\graphicsfun.tlog\link.secondary.1.tlog
c:\users\user\desktop\opengl practice\graphicsfun\graphicsfun\debug\graphicsfun.tlog\link.write.1.tlog
